2026-04-09 09:44:03,691 INFO AUDIT|evento=CARRITO_AGREGAR|actor=cliente|rol=Cliente|ip=127.0.0.1|detalle=id_usuario=4; id_producto=5; cantidad=1
2026-04-09 09:44:07,189 INFO AUDIT|evento=CARRITO_AGREGAR|actor=cliente|rol=Cliente|ip=127.0.0.1|detalle=id_usuario=4; id_producto=1; cantidad=1
2026-04-09 09:44:11,798 INFO AUDIT|evento=CARRITO_ELIMINAR|actor=cliente|rol=Cliente|ip=127.0.0.1|detalle=id_usuario=4; id_producto=1
2026-04-09 09:44:12,894 INFO AUDIT|evento=CARRITO_ELIMINAR|actor=cliente|rol=Cliente|ip=127.0.0.1|detalle=id_usuario=4; id_producto=2
2026-04-09 09:44:13,994 INFO AUDIT|evento=CARRITO_ELIMINAR|actor=cliente|rol=Cliente|ip=127.0.0.1|detalle=id_usuario=4; id_producto=3
2026-04-09 09:44:15,073 INFO AUDIT|evento=CARRITO_ELIMINAR|actor=cliente|rol=Cliente|ip=127.0.0.1|detalle=id_usuario=4; id_producto=5
2026-04-09 09:44:20,662 INFO AUDIT|evento=CARRITO_AGREGAR|actor=cliente|rol=Cliente|ip=127.0.0.1|detalle=id_usuario=4; id_producto=3; cantidad=1
2026-04-09 09:44:22,857 INFO AUDIT|evento=CARRITO_AGREGAR|actor=cliente|rol=Cliente|ip=127.0.0.1|detalle=id_usuario=4; id_producto=2; cantidad=1
2026-04-09 09:44:25,226 INFO AUDIT|evento=CARRITO_AGREGAR|actor=cliente|rol=Cliente|ip=127.0.0.1|detalle=id_usuario=4; id_producto=8; cantidad=1
2026-04-09 09:48:12,630 INFO AUDIT|evento=CARRITO_ELIMINAR|actor=cliente|rol=Cliente|ip=127.0.0.1|detalle=id_usuario=4; id_producto=3
2026-04-09 09:48:13,334 INFO AUDIT|evento=CARRITO_ELIMINAR|actor=cliente|rol=Cliente|ip=127.0.0.1|detalle=id_usuario=4; id_producto=2
2026-04-09 09:48:14,347 INFO AUDIT|evento=CARRITO_ELIMINAR|actor=cliente|rol=Cliente|ip=127.0.0.1|detalle=id_usuario=4; id_producto=8
2026-04-09 09:48:16,672 INFO AUDIT|evento=CARRITO_AGREGAR|actor=cliente|rol=Cliente|ip=127.0.0.1|detalle=id_usuario=4; id_producto=7; cantidad=1
2026-04-09 09:52:09,208 INFO AUDIT|evento=CARRITO_ELIMINAR|actor=cliente|rol=Cliente|ip=127.0.0.1|detalle=id_usuario=4; id_producto=7
2026-04-09 10:14:18,828 INFO AUDIT|evento=USUARIO_CREADO|actor=admin|rol=Administrador|ip=127.0.0.1|detalle=id_usuario=5; username=paolarocha; id_rol=1
2026-04-09 13:01:32,795 INFO AUDIT|evento=INVENTARIO_MP_CREAR|actor=admin|rol=Administrador|ip=127.0.0.1|detalle=id_materia=11; nombre=Azucar glass
2026-04-09 13:08:02,989 INFO AUDIT|evento=INVENTARIO_MP_DESACTIVAR|actor=admin|rol=Administrador|ip=127.0.0.1|detalle=id_materia=11; nombre=Azucar glass
2026-04-09 13:08:16,889 INFO AUDIT|evento=INVENTARIO_MP_EDITAR|actor=admin|rol=Administrador|ip=127.0.0.1|detalle=id_materia=11; nombre=Azucar glass
2026-04-09 13:19:09,512 INFO AUDIT|evento=PROVEEDOR_CREADO|actor=admin|rol=Administrador|ip=127.0.0.1|detalle=id_proveedor=4; nombre_empresa=Huevos San Juan
2026-04-09 13:19:26,001 INFO AUDIT|evento=PROVEEDOR_DESACTIVADO|actor=admin|rol=Administrador|ip=127.0.0.1|detalle=id_proveedor=4; nombre_empresa=Huevos San Juan
2026-04-09 13:19:31,250 INFO AUDIT|evento=PROVEEDOR_ACTIVADO|actor=admin|rol=Administrador|ip=127.0.0.1|detalle=id_proveedor=4; nombre_empresa=Huevos San Juan
2026-04-09 13:45:21,788 INFO AUDIT|evento=PROVEEDOR_DESACTIVADO|actor=admin|rol=Administrador|ip=127.0.0.1|detalle=id_proveedor=4; nombre_empresa=Huevos San Juan
2026-04-09 13:45:24,830 INFO AUDIT|evento=PROVEEDOR_ACTIVADO|actor=admin|rol=Administrador|ip=127.0.0.1|detalle=id_proveedor=4; nombre_empresa=Huevos San Juan
2026-04-09 13:51:57,249 INFO AUDIT|evento=INVENTARIO_MP_CREAR|actor=admin|rol=Administrador|ip=127.0.0.1|detalle=id_materia=12; nombre=Verduras Leon
2026-04-09 14:06:50,501 INFO AUDIT|evento=INVENTARIO_MP_EDITAR|actor=admin|rol=Administrador|ip=127.0.0.1|detalle=id_materia=12; nombre=Zanahoria
2026-04-09 14:24:43,634 INFO AUDIT|evento=SOLICITUD_PRODUCCION_RESUELTA|actor=admin|rol=Administrador|ip=127.0.0.1|detalle=id_solicitud=2; estado=APROBADA; id_usuario_resuelve=1
2026-04-09 14:25:37,396 INFO AUDIT|evento=ORDEN_PRODUCCION_CREADA|actor=admin|rol=Administrador|ip=127.0.0.1|detalle=id_orden=2; id_producto=1; id_receta=1; cantidad=16; id_solicitud=2
2026-04-09 14:26:40,322 INFO AUDIT|evento=ORDEN_PRODUCCION_INICIADA|actor=admin|rol=Administrador|ip=127.0.0.1|detalle=id_orden=2
2026-04-09 14:27:40,953 INFO AUDIT|evento=ORDEN_PRODUCCION_FINALIZADA|actor=admin|rol=Administrador|ip=127.0.0.1|detalle=id_orden=2; id_producto=1; cantidad=16
2026-04-09 14:56:10,418 INFO AUDIT|evento=CARRITO_AGREGAR|actor=cliente|rol=Cliente|ip=127.0.0.1|detalle=id_usuario=4; id_producto=9; cantidad=1
2026-04-09 14:56:17,777 INFO AUDIT|evento=CARRITO_AGREGAR|actor=cliente|rol=Cliente|ip=127.0.0.1|detalle=id_usuario=4; id_producto=5; cantidad=1
2026-04-09 14:56:32,456 INFO AUDIT|evento=CARRITO_AGREGAR|actor=cliente|rol=Cliente|ip=127.0.0.1|detalle=id_usuario=4; id_producto=7; cantidad=1
2026-04-09 15:04:27,282 INFO AUDIT|evento=CARRITO_ELIMINAR|actor=cliente|rol=Cliente|ip=127.0.0.1|detalle=id_usuario=4; id_producto=5
2026-04-09 15:04:29,356 INFO AUDIT|evento=CARRITO_ELIMINAR|actor=cliente|rol=Cliente|ip=127.0.0.1|detalle=id_usuario=4; id_producto=7
2026-04-09 15:04:30,864 INFO AUDIT|evento=CARRITO_ELIMINAR|actor=cliente|rol=Cliente|ip=127.0.0.1|detalle=id_usuario=4; id_producto=9
2026-04-09 15:09:57,553 INFO AUDIT|evento=CARRITO_AGREGAR|actor=cliente|rol=Cliente|ip=127.0.0.1|detalle=id_usuario=4; id_producto=7; cantidad=1
2026-04-09 15:18:45,411 INFO AUDIT|evento=PEDIDO_WEB_CREADO|actor=cliente|rol=Cliente|ip=127.0.0.1|detalle=id_usuario=4; id_pedido=1; tipo_pago=EN_LINEA
2026-04-10 08:49:13,880 INFO AUDIT|evento=CARRITO_AGREGAR|actor=cliente|rol=Cliente|ip=127.0.0.1|detalle=id_usuario=4; id_producto=5; cantidad=1
2026-04-10 08:49:15,550 INFO AUDIT|evento=CARRITO_AGREGAR|actor=cliente|rol=Cliente|ip=127.0.0.1|detalle=id_usuario=4; id_producto=7; cantidad=1
2026-04-10 08:49:17,391 INFO AUDIT|evento=CARRITO_AGREGAR|actor=cliente|rol=Cliente|ip=127.0.0.1|detalle=id_usuario=4; id_producto=10; cantidad=1
2026-04-10 08:49:19,573 INFO AUDIT|evento=CARRITO_AGREGAR|actor=cliente|rol=Cliente|ip=127.0.0.1|detalle=id_usuario=4; id_producto=2; cantidad=1
2026-04-10 08:49:20,852 INFO AUDIT|evento=CARRITO_AGREGAR|actor=cliente|rol=Cliente|ip=127.0.0.1|detalle=id_usuario=4; id_producto=3; cantidad=1
2026-04-10 08:49:21,546 INFO AUDIT|evento=CARRITO_AGREGAR|actor=cliente|rol=Cliente|ip=127.0.0.1|detalle=id_usuario=4; id_producto=3; cantidad=1
2026-04-10 09:43:33,587 INFO AUDIT|evento=SOLICITUD_PRODUCCION_CREADA|actor=admin|rol=Administrador|ip=127.0.0.1|detalle=id_usuario=1; id_producto=1; cantidad=2
2026-04-10 09:44:10,314 INFO AUDIT|evento=SOLICITUD_PRODUCCION_CREADA|actor=ventas|rol=Ventas|ip=127.0.0.1|detalle=id_usuario=2; id_producto=1; cantidad=3
2026-04-10 09:44:50,022 INFO AUDIT|evento=SOLICITUD_PRODUCCION_RESUELTA|actor=produccion|rol=Produccion|ip=127.0.0.1|detalle=id_solicitud=6; estado=APROBADA; id_usuario_resuelve=3
2026-04-10 09:45:24,214 INFO AUDIT|evento=SOLICITUD_PRODUCCION_RESUELTA|actor=admin|rol=Administrador|ip=127.0.0.1|detalle=id_solicitud=7; estado=RECHAZADA; id_usuario_resuelve=1
2026-04-10 10:39:11,957 INFO AUDIT|evento=VENTA_REGISTRADA|actor=admin|rol=Administrador|ip=127.0.0.1|detalle=id_venta=11; detalles=3; tipo_pago=EFECTIVO; requiere_ticket=True
2026-04-10 22:02:25,791 INFO AUDIT|evento=CARRITO_AGREGAR|actor=cliente|rol=Cliente|ip=127.0.0.1|detalle=id_usuario=4; id_producto=19; cantidad=1
2026-04-10 22:02:26,566 INFO AUDIT|evento=CARRITO_AGREGAR|actor=cliente|rol=Cliente|ip=127.0.0.1|detalle=id_usuario=4; id_producto=9; cantidad=1
2026-04-10 22:02:27,742 INFO AUDIT|evento=CARRITO_AGREGAR|actor=cliente|rol=Cliente|ip=127.0.0.1|detalle=id_usuario=4; id_producto=18; cantidad=1
2026-04-10 22:02:32,665 INFO AUDIT|evento=CARRITO_ELIMINAR|actor=cliente|rol=Cliente|ip=127.0.0.1|detalle=id_usuario=4; id_producto=5
2026-04-10 22:02:33,529 INFO AUDIT|evento=CARRITO_ELIMINAR|actor=cliente|rol=Cliente|ip=127.0.0.1|detalle=id_usuario=4; id_producto=7
2026-04-10 22:02:34,438 INFO AUDIT|evento=CARRITO_ELIMINAR|actor=cliente|rol=Cliente|ip=127.0.0.1|detalle=id_usuario=4; id_producto=10
2026-04-10 22:02:50,767 INFO AUDIT|evento=PEDIDO_WEB_CREADO|actor=cliente|rol=Cliente|ip=127.0.0.1|detalle=id_usuario=4; id_pedido=3; tipo_pago=EN_LINEA
2026-04-10 22:39:23,113 INFO AUDIT|evento=PEDIDO_ENTREGADO_VENTA_GENERADA|actor=admin|rol=Administrador|ip=127.0.0.1|detalle=id_pedido=3; id_venta=12; requiere_ticket=False
2026-04-10 22:47:32,671 ERROR Excepción no controlada en ruta /carrito
Traceback (most recent call last):
  File "C:\Users\ferxx\OneDrive\Documentos\GitHub\bakery\.venv\Lib\site-packages\flask\app.py", line 917, in full_dispatch_request
    rv = self.dispatch_request()
  File "C:\Users\ferxx\OneDrive\Documentos\GitHub\bakery\.venv\Lib\site-packages\flask\app.py", line 902, in dispatch_request
    return self.ensure_sync(self.view_functions[rule.endpoint])(**view_args)  # type: ignore[no-any-return]
           ~~~~~~~~~~~~~~~~~~~~~~~~~~~~~~~~~~~~~~~~~~~~~~~~~~~~^^^^^^^^^^^^^
  File "C:\Users\ferxx\OneDrive\Documentos\GitHub\bakery\.venv\Lib\site-packages\flask_login\utils.py", line 290, in decorated_view
    return current_app.ensure_sync(func)(*args, **kwargs)
           ~~~~~~~~~~~~~~~~~~~~~~~~~~~~~^^^^^^^^^^^^^^^^^
  File "C:\Users\ferxx\OneDrive\Documentos\GitHub\bakery\app\common\security.py", line 57, in wrapped
    return func(*args, **kwargs)
  File "C:\Users\ferxx\OneDrive\Documentos\GitHub\bakery\app\catalog\routes.py", line 244, in carrito
    return render_template(
        "catalog/carrito_productos.html",
    ...<4 lines>...
        min_delivery_date=(date.today() + timedelta(days=3)),
    )
  File "C:\Users\ferxx\OneDrive\Documentos\GitHub\bakery\.venv\Lib\site-packages\flask\templating.py", line 150, in render_template
    return _render(app, template, context)
  File "C:\Users\ferxx\OneDrive\Documentos\GitHub\bakery\.venv\Lib\site-packages\flask\templating.py", line 131, in _render
    rv = template.render(context)
  File "C:\Users\ferxx\OneDrive\Documentos\GitHub\bakery\.venv\Lib\site-packages\jinja2\environment.py", line 1295, in render
    self.environment.handle_exception()
    ~~~~~~~~~~~~~~~~~~~~~~~~~~~~~~~~~^^
  File "C:\Users\ferxx\OneDrive\Documentos\GitHub\bakery\.venv\Lib\site-packages\jinja2\environment.py", line 942, in handle_exception
    raise rewrite_traceback_stack(source=source)
  File "C:\Users\ferxx\OneDrive\Documentos\GitHub\bakery\app\catalog\templates\catalog\carrito_productos.html", line 1, in top-level template code
    {% extends "base_template.html" %} {% block title %}Mi Carrito{% endblock %} {% block extra_css %}
    ^^^^^^^^^^^^^^^^^^^^^^^^^
  File "C:\Users\ferxx\OneDrive\Documentos\GitHub\bakery\app\templates\base_template.html", line 266, in top-level template code
    {% endif %} {% endwith %} {% block content %}{% endblock %} {% if not is_staff %}
    ^^^^^^^^^^^^^^^^^^^^^
  File "C:\Users\ferxx\OneDrive\Documentos\GitHub\bakery\app\catalog\templates\catalog\carrito_productos.html", line 295, in block 'content'
    max="{{ max_delivery_date.isoformat() }}" />
    ^^^^^^^^^^^^^^^^
  File "C:\Users\ferxx\OneDrive\Documentos\GitHub\bakery\.venv\Lib\site-packages\jinja2\environment.py", line 490, in getattr
    return getattr(obj, attribute)
jinja2.exceptions.UndefinedError: 'max_delivery_date' is undefined
2026-04-10 22:47:37,159 ERROR Excepción no controlada en ruta /carrito
Traceback (most recent call last):
  File "C:\Users\ferxx\OneDrive\Documentos\GitHub\bakery\.venv\Lib\site-packages\flask\app.py", line 917, in full_dispatch_request
    rv = self.dispatch_request()
  File "C:\Users\ferxx\OneDrive\Documentos\GitHub\bakery\.venv\Lib\site-packages\flask\app.py", line 902, in dispatch_request
    return self.ensure_sync(self.view_functions[rule.endpoint])(**view_args)  # type: ignore[no-any-return]
           ~~~~~~~~~~~~~~~~~~~~~~~~~~~~~~~~~~~~~~~~~~~~~~~~~~~~^^^^^^^^^^^^^
  File "C:\Users\ferxx\OneDrive\Documentos\GitHub\bakery\.venv\Lib\site-packages\flask_login\utils.py", line 290, in decorated_view
    return current_app.ensure_sync(func)(*args, **kwargs)
           ~~~~~~~~~~~~~~~~~~~~~~~~~~~~~^^^^^^^^^^^^^^^^^
  File "C:\Users\ferxx\OneDrive\Documentos\GitHub\bakery\app\common\security.py", line 57, in wrapped
    return func(*args, **kwargs)
  File "C:\Users\ferxx\OneDrive\Documentos\GitHub\bakery\app\catalog\routes.py", line 244, in carrito
    return render_template(
        "catalog/carrito_productos.html",
    ...<4 lines>...
        min_delivery_date=(date.today() + timedelta(days=3)),
    )
  File "C:\Users\ferxx\OneDrive\Documentos\GitHub\bakery\.venv\Lib\site-packages\flask\templating.py", line 150, in render_template
    return _render(app, template, context)
  File "C:\Users\ferxx\OneDrive\Documentos\GitHub\bakery\.venv\Lib\site-packages\flask\templating.py", line 131, in _render
    rv = template.render(context)
  File "C:\Users\ferxx\OneDrive\Documentos\GitHub\bakery\.venv\Lib\site-packages\jinja2\environment.py", line 1295, in render
    self.environment.handle_exception()
    ~~~~~~~~~~~~~~~~~~~~~~~~~~~~~~~~~^^
  File "C:\Users\ferxx\OneDrive\Documentos\GitHub\bakery\.venv\Lib\site-packages\jinja2\environment.py", line 942, in handle_exception
    raise rewrite_traceback_stack(source=source)
  File "C:\Users\ferxx\OneDrive\Documentos\GitHub\bakery\app\catalog\templates\catalog\carrito_productos.html", line 1, in top-level template code
    {% extends "base_template.html" %} {% block title %}Mi Carrito{% endblock %} {% block extra_css %}
    ^^^^^^^^^^^^^^^^^^^^^^^^^
  File "C:\Users\ferxx\OneDrive\Documentos\GitHub\bakery\app\templates\base_template.html", line 266, in top-level template code
    {% endif %} {% endwith %} {% block content %}{% endblock %} {% if not is_staff %}
    ^^^^^^^^^^^^^^^^^^^^^
  File "C:\Users\ferxx\OneDrive\Documentos\GitHub\bakery\app\catalog\templates\catalog\carrito_productos.html", line 295, in block 'content'
    max="{{ max_delivery_date.isoformat() }}" />
    ^^^^^^^^^^^^^^^^
  File "C:\Users\ferxx\OneDrive\Documentos\GitHub\bakery\.venv\Lib\site-packages\jinja2\environment.py", line 490, in getattr
    return getattr(obj, attribute)
jinja2.exceptions.UndefinedError: 'max_delivery_date' is undefined
2026-04-13 12:41:08,439 INFO AUDIT|evento=PROVEEDOR_EDITADO|actor=admin|rol=Administrador|ip=127.0.0.1|detalle=id_proveedor=3; nombre_empresa=Insumos Reposteria MX; activo=True
2026-04-13 12:41:15,464 INFO AUDIT|evento=PROVEEDOR_EDITADO|actor=admin|rol=Administrador|ip=127.0.0.1|detalle=id_proveedor=3; nombre_empresa=Insumos Reposteria MX; activo=True
2026-04-13 12:44:27,617 ERROR Excepción no controlada en ruta /production/ordenes
Traceback (most recent call last):
  File "D:\Documents\Proyectos\uni\bakery\venv\Lib\site-packages\sqlalchemy\engine\base.py", line 1967, in _exec_single_context
    self.dialect.do_execute(
    ~~~~~~~~~~~~~~~~~~~~~~~^
        cursor, str_statement, effective_parameters, context
        ^^^^^^^^^^^^^^^^^^^^^^^^^^^^^^^^^^^^^^^^^^^^^^^^^^^^
    )
    ^
  File "D:\Documents\Proyectos\uni\bakery\venv\Lib\site-packages\sqlalchemy\engine\default.py", line 952, in do_execute
    cursor.execute(statement, parameters)
    ~~~~~~~~~~~~~~^^^^^^^^^^^^^^^^^^^^^^^
  File "D:\Documents\Proyectos\uni\bakery\venv\Lib\site-packages\pymysql\cursors.py", line 153, in execute
    result = self._query(query)
  File "D:\Documents\Proyectos\uni\bakery\venv\Lib\site-packages\pymysql\cursors.py", line 322, in _query
    conn.query(q)
    ~~~~~~~~~~^^^
  File "D:\Documents\Proyectos\uni\bakery\venv\Lib\site-packages\pymysql\connections.py", line 563, in query
    self._affected_rows = self._read_query_result(unbuffered=unbuffered)
                          ~~~~~~~~~~~~~~~~~~~~~~~^^^^^^^^^^^^^^^^^^^^^^^
  File "D:\Documents\Proyectos\uni\bakery\venv\Lib\site-packages\pymysql\connections.py", line 825, in _read_query_result
    result.read()
    ~~~~~~~~~~~^^
  File "D:\Documents\Proyectos\uni\bakery\venv\Lib\site-packages\pymysql\connections.py", line 1199, in read
    first_packet = self.connection._read_packet()
  File "D:\Documents\Proyectos\uni\bakery\venv\Lib\site-packages\pymysql\connections.py", line 775, in _read_packet
    packet.raise_for_error()
    ~~~~~~~~~~~~~~~~~~~~~~^^
  File "D:\Documents\Proyectos\uni\bakery\venv\Lib\site-packages\pymysql\protocol.py", line 219, in raise_for_error
    err.raise_mysql_exception(self._data)
    ~~~~~~~~~~~~~~~~~~~~~~~~~^^^^^^^^^^^^
  File "D:\Documents\Proyectos\uni\bakery\venv\Lib\site-packages\pymysql\err.py", line 150, in raise_mysql_exception
    raise errorclass(errno, errval)
pymysql.err.OperationalError: (1054, "Unknown column 'solicitud_produccion.id_pedido' in 'field list'")

The above exception was the direct cause of the following exception:

Traceback (most recent call last):
  File "D:\Documents\Proyectos\uni\bakery\venv\Lib\site-packages\flask\app.py", line 917, in full_dispatch_request
    rv = self.dispatch_request()
  File "D:\Documents\Proyectos\uni\bakery\venv\Lib\site-packages\flask\app.py", line 902, in dispatch_request
    return self.ensure_sync(self.view_functions[rule.endpoint])(**view_args)  # type: ignore[no-any-return]
           ~~~~~~~~~~~~~~~~~~~~~~~~~~~~~~~~~~~~~~~~~~~~~~~~~~~~^^^^^^^^^^^^^
  File "D:\Documents\Proyectos\uni\bakery\venv\Lib\site-packages\flask_login\utils.py", line 290, in decorated_view
    return current_app.ensure_sync(func)(*args, **kwargs)
           ~~~~~~~~~~~~~~~~~~~~~~~~~~~~~^^^^^^^^^^^^^^^^^
  File "D:\Documents\Proyectos\uni\bakery\app\production\routes.py", line 1025, in ordenes
    .all()
     ~~~^^
  File "D:\Documents\Proyectos\uni\bakery\venv\Lib\site-packages\sqlalchemy\orm\query.py", line 2711, in all
    return self._iter().all()  # type: ignore
           ~~~~~~~~~~^^
  File "D:\Documents\Proyectos\uni\bakery\venv\Lib\site-packages\sqlalchemy\orm\query.py", line 2864, in _iter
    result: Union[ScalarResult[_T], Result[_T]] = self.session.execute(
                                                  ~~~~~~~~~~~~~~~~~~~~^
        statement,
        ^^^^^^^^^^
        params,
        ^^^^^^^
        execution_options={"_sa_orm_load_options": self.load_options},
        ^^^^^^^^^^^^^^^^^^^^^^^^^^^^^^^^^^^^^^^^^^^^^^^^^^^^^^^^^^^^^^
    )
    ^
  File "D:\Documents\Proyectos\uni\bakery\venv\Lib\site-packages\sqlalchemy\orm\session.py", line 2351, in execute
    return self._execute_internal(
           ~~~~~~~~~~~~~~~~~~~~~~^
        statement,
        ^^^^^^^^^^
    ...<4 lines>...
        _add_event=_add_event,
        ^^^^^^^^^^^^^^^^^^^^^^
    )
    ^
  File "D:\Documents\Proyectos\uni\bakery\venv\Lib\site-packages\sqlalchemy\orm\session.py", line 2249, in _execute_internal
    result: Result[Any] = compile_state_cls.orm_execute_statement(
                          ~~~~~~~~~~~~~~~~~~~~~~~~~~~~~~~~~~~~~~~^
        self,
        ^^^^^
    ...<4 lines>...
        conn,
        ^^^^^
    )
    ^
  File "D:\Documents\Proyectos\uni\bakery\venv\Lib\site-packages\sqlalchemy\orm\context.py", line 306, in orm_execute_statement
    result = conn.execute(
        statement, params or {}, execution_options=execution_options
    )
  File "D:\Documents\Proyectos\uni\bakery\venv\Lib\site-packages\sqlalchemy\engine\base.py", line 1419, in execute
    return meth(
        self,
        distilled_parameters,
        execution_options or NO_OPTIONS,
    )
  File "D:\Documents\Proyectos\uni\bakery\venv\Lib\site-packages\sqlalchemy\sql\elements.py", line 527, in _execute_on_connection
    return connection._execute_clauseelement(
           ~~~~~~~~~~~~~~~~~~~~~~~~~~~~~~~~~^
        self, distilled_params, execution_options
        ^^^^^^^^^^^^^^^^^^^^^^^^^^^^^^^^^^^^^^^^^
    )
    ^
  File "D:\Documents\Proyectos\uni\bakery\venv\Lib\site-packages\sqlalchemy\engine\base.py", line 1641, in _execute_clauseelement
    ret = self._execute_context(
        dialect,
    ...<8 lines>...
        cache_hit=cache_hit,
    )
  File "D:\Documents\Proyectos\uni\bakery\venv\Lib\site-packages\sqlalchemy\engine\base.py", line 1846, in _execute_context
    return self._exec_single_context(
           ~~~~~~~~~~~~~~~~~~~~~~~~~^
        dialect, context, statement, parameters
        ^^^^^^^^^^^^^^^^^^^^^^^^^^^^^^^^^^^^^^^
    )
    ^
  File "D:\Documents\Proyectos\uni\bakery\venv\Lib\site-packages\sqlalchemy\engine\base.py", line 1986, in _exec_single_context
    self._handle_dbapi_exception(
    ~~~~~~~~~~~~~~~~~~~~~~~~~~~~^
        e, str_statement, effective_parameters, cursor, context
        ^^^^^^^^^^^^^^^^^^^^^^^^^^^^^^^^^^^^^^^^^^^^^^^^^^^^^^^
    )
    ^
  File "D:\Documents\Proyectos\uni\bakery\venv\Lib\site-packages\sqlalchemy\engine\base.py", line 2363, in _handle_dbapi_exception
    raise sqlalchemy_exception.with_traceback(exc_info[2]) from e
  File "D:\Documents\Proyectos\uni\bakery\venv\Lib\site-packages\sqlalchemy\engine\base.py", line 1967, in _exec_single_context
    self.dialect.do_execute(
    ~~~~~~~~~~~~~~~~~~~~~~~^
        cursor, str_statement, effective_parameters, context
        ^^^^^^^^^^^^^^^^^^^^^^^^^^^^^^^^^^^^^^^^^^^^^^^^^^^^
    )
    ^
  File "D:\Documents\Proyectos\uni\bakery\venv\Lib\site-packages\sqlalchemy\engine\default.py", line 952, in do_execute
    cursor.execute(statement, parameters)
    ~~~~~~~~~~~~~~^^^^^^^^^^^^^^^^^^^^^^^
  File "D:\Documents\Proyectos\uni\bakery\venv\Lib\site-packages\pymysql\cursors.py", line 153, in execute
    result = self._query(query)
  File "D:\Documents\Proyectos\uni\bakery\venv\Lib\site-packages\pymysql\cursors.py", line 322, in _query
    conn.query(q)
    ~~~~~~~~~~^^^
  File "D:\Documents\Proyectos\uni\bakery\venv\Lib\site-packages\pymysql\connections.py", line 563, in query
    self._affected_rows = self._read_query_result(unbuffered=unbuffered)
                          ~~~~~~~~~~~~~~~~~~~~~~~^^^^^^^^^^^^^^^^^^^^^^^
  File "D:\Documents\Proyectos\uni\bakery\venv\Lib\site-packages\pymysql\connections.py", line 825, in _read_query_result
    result.read()
    ~~~~~~~~~~~^^
  File "D:\Documents\Proyectos\uni\bakery\venv\Lib\site-packages\pymysql\connections.py", line 1199, in read
    first_packet = self.connection._read_packet()
  File "D:\Documents\Proyectos\uni\bakery\venv\Lib\site-packages\pymysql\connections.py", line 775, in _read_packet
    packet.raise_for_error()
    ~~~~~~~~~~~~~~~~~~~~~~^^
  File "D:\Documents\Proyectos\uni\bakery\venv\Lib\site-packages\pymysql\protocol.py", line 219, in raise_for_error
    err.raise_mysql_exception(self._data)
    ~~~~~~~~~~~~~~~~~~~~~~~~~^^^^^^^^^^^^
  File "D:\Documents\Proyectos\uni\bakery\venv\Lib\site-packages\pymysql\err.py", line 150, in raise_mysql_exception
    raise errorclass(errno, errval)
sqlalchemy.exc.OperationalError: (pymysql.err.OperationalError) (1054, "Unknown column 'solicitud_produccion.id_pedido' in 'field list'")
[SQL: SELECT solicitud_produccion.id_solicitud AS solicitud_produccion_id_solicitud, solicitud_produccion.id_producto AS solicitud_produccion_id_producto, solicitud_produccion.id_pedido AS solicitud_produccion_id_pedido, solicitud_produccion.cantidad AS solicitud_produccion_cantidad, solicitud_produccion.estado AS solicitud_produccion_estado, solicitud_produccion.fecha_solicitud AS solicitud_produccion_fecha_solicitud, solicitud_produccion.id_usuario_solicita AS solicitud_produccion_id_usuario_solicita, solicitud_produccion.id_usuario_resuelve AS solicitud_produccion_id_usuario_resuelve, solicitud_produccion.fecha_resolucion AS solicitud_produccion_fecha_resolucion, solicitud_produccion.observaciones AS solicitud_produccion_observaciones, solicitud_produccion.observaciones_resolucion AS solicitud_produccion_observaciones_resolucion, solicitud_produccion.fecha_creacion AS solicitud_produccion_fecha_creacion 
FROM solicitud_produccion 
WHERE solicitud_produccion.estado = %(estado_1)s ORDER BY solicitud_produccion.id_solicitud DESC]
[parameters: {'estado_1': 'APROBADA'}]
(Background on this error at: https://sqlalche.me/e/20/e3q8)
2026-04-13 12:44:46,560 ERROR Excepción no controlada en ruta /production/solicitudes
Traceback (most recent call last):
  File "D:\Documents\Proyectos\uni\bakery\venv\Lib\site-packages\sqlalchemy\engine\base.py", line 1967, in _exec_single_context
    self.dialect.do_execute(
    ~~~~~~~~~~~~~~~~~~~~~~~^
        cursor, str_statement, effective_parameters, context
        ^^^^^^^^^^^^^^^^^^^^^^^^^^^^^^^^^^^^^^^^^^^^^^^^^^^^
    )
    ^
  File "D:\Documents\Proyectos\uni\bakery\venv\Lib\site-packages\sqlalchemy\engine\default.py", line 952, in do_execute
    cursor.execute(statement, parameters)
    ~~~~~~~~~~~~~~^^^^^^^^^^^^^^^^^^^^^^^
  File "D:\Documents\Proyectos\uni\bakery\venv\Lib\site-packages\pymysql\cursors.py", line 153, in execute
    result = self._query(query)
  File "D:\Documents\Proyectos\uni\bakery\venv\Lib\site-packages\pymysql\cursors.py", line 322, in _query
    conn.query(q)
    ~~~~~~~~~~^^^
  File "D:\Documents\Proyectos\uni\bakery\venv\Lib\site-packages\pymysql\connections.py", line 563, in query
    self._affected_rows = self._read_query_result(unbuffered=unbuffered)
                          ~~~~~~~~~~~~~~~~~~~~~~~^^^^^^^^^^^^^^^^^^^^^^^
  File "D:\Documents\Proyectos\uni\bakery\venv\Lib\site-packages\pymysql\connections.py", line 825, in _read_query_result
    result.read()
    ~~~~~~~~~~~^^
  File "D:\Documents\Proyectos\uni\bakery\venv\Lib\site-packages\pymysql\connections.py", line 1199, in read
    first_packet = self.connection._read_packet()
  File "D:\Documents\Proyectos\uni\bakery\venv\Lib\site-packages\pymysql\connections.py", line 775, in _read_packet
    packet.raise_for_error()
    ~~~~~~~~~~~~~~~~~~~~~~^^
  File "D:\Documents\Proyectos\uni\bakery\venv\Lib\site-packages\pymysql\protocol.py", line 219, in raise_for_error
    err.raise_mysql_exception(self._data)
    ~~~~~~~~~~~~~~~~~~~~~~~~~^^^^^^^^^^^^
  File "D:\Documents\Proyectos\uni\bakery\venv\Lib\site-packages\pymysql\err.py", line 150, in raise_mysql_exception
    raise errorclass(errno, errval)
pymysql.err.OperationalError: (1054, "Unknown column 'solicitud_produccion.id_pedido' in 'field list'")

The above exception was the direct cause of the following exception:

Traceback (most recent call last):
  File "D:\Documents\Proyectos\uni\bakery\venv\Lib\site-packages\flask\app.py", line 917, in full_dispatch_request
    rv = self.dispatch_request()
  File "D:\Documents\Proyectos\uni\bakery\venv\Lib\site-packages\flask\app.py", line 902, in dispatch_request
    return self.ensure_sync(self.view_functions[rule.endpoint])(**view_args)  # type: ignore[no-any-return]
           ~~~~~~~~~~~~~~~~~~~~~~~~~~~~~~~~~~~~~~~~~~~~~~~~~~~~^^^^^^^^^^^^^
  File "D:\Documents\Proyectos\uni\bakery\venv\Lib\site-packages\flask_login\utils.py", line 290, in decorated_view
    return current_app.ensure_sync(func)(*args, **kwargs)
           ~~~~~~~~~~~~~~~~~~~~~~~~~~~~~^^^^^^^^^^^^^^^^^
  File "D:\Documents\Proyectos\uni\bakery\app\common\security.py", line 57, in wrapped
    return func(*args, **kwargs)
  File "D:\Documents\Proyectos\uni\bakery\app\production\routes.py", line 1109, in solicitudes
    data = solicitudes_query.order_by(SolicitudProduccion.id_solicitud.desc()).all()
  File "D:\Documents\Proyectos\uni\bakery\venv\Lib\site-packages\sqlalchemy\orm\query.py", line 2711, in all
    return self._iter().all()  # type: ignore
           ~~~~~~~~~~^^
  File "D:\Documents\Proyectos\uni\bakery\venv\Lib\site-packages\sqlalchemy\orm\query.py", line 2864, in _iter
    result: Union[ScalarResult[_T], Result[_T]] = self.session.execute(
                                                  ~~~~~~~~~~~~~~~~~~~~^
        statement,
        ^^^^^^^^^^
        params,
        ^^^^^^^
        execution_options={"_sa_orm_load_options": self.load_options},
        ^^^^^^^^^^^^^^^^^^^^^^^^^^^^^^^^^^^^^^^^^^^^^^^^^^^^^^^^^^^^^^
    )
    ^
  File "D:\Documents\Proyectos\uni\bakery\venv\Lib\site-packages\sqlalchemy\orm\session.py", line 2351, in execute
    return self._execute_internal(
           ~~~~~~~~~~~~~~~~~~~~~~^
        statement,
        ^^^^^^^^^^
    ...<4 lines>...
        _add_event=_add_event,
        ^^^^^^^^^^^^^^^^^^^^^^
    )
    ^
  File "D:\Documents\Proyectos\uni\bakery\venv\Lib\site-packages\sqlalchemy\orm\session.py", line 2249, in _execute_internal
    result: Result[Any] = compile_state_cls.orm_execute_statement(
                          ~~~~~~~~~~~~~~~~~~~~~~~~~~~~~~~~~~~~~~~^
        self,
        ^^^^^
    ...<4 lines>...
        conn,
        ^^^^^
    )
    ^
  File "D:\Documents\Proyectos\uni\bakery\venv\Lib\site-packages\sqlalchemy\orm\context.py", line 306, in orm_execute_statement
    result = conn.execute(
        statement, params or {}, execution_options=execution_options
    )
  File "D:\Documents\Proyectos\uni\bakery\venv\Lib\site-packages\sqlalchemy\engine\base.py", line 1419, in execute
    return meth(
        self,
        distilled_parameters,
        execution_options or NO_OPTIONS,
    )
  File "D:\Documents\Proyectos\uni\bakery\venv\Lib\site-packages\sqlalchemy\sql\elements.py", line 527, in _execute_on_connection
    return connection._execute_clauseelement(
           ~~~~~~~~~~~~~~~~~~~~~~~~~~~~~~~~~^
        self, distilled_params, execution_options
        ^^^^^^^^^^^^^^^^^^^^^^^^^^^^^^^^^^^^^^^^^
    )
    ^
  File "D:\Documents\Proyectos\uni\bakery\venv\Lib\site-packages\sqlalchemy\engine\base.py", line 1641, in _execute_clauseelement
    ret = self._execute_context(
        dialect,
    ...<8 lines>...
        cache_hit=cache_hit,
    )
  File "D:\Documents\Proyectos\uni\bakery\venv\Lib\site-packages\sqlalchemy\engine\base.py", line 1846, in _execute_context
    return self._exec_single_context(
           ~~~~~~~~~~~~~~~~~~~~~~~~~^
        dialect, context, statement, parameters
        ^^^^^^^^^^^^^^^^^^^^^^^^^^^^^^^^^^^^^^^
    )
    ^
  File "D:\Documents\Proyectos\uni\bakery\venv\Lib\site-packages\sqlalchemy\engine\base.py", line 1986, in _exec_single_context
    self._handle_dbapi_exception(
    ~~~~~~~~~~~~~~~~~~~~~~~~~~~~^
        e, str_statement, effective_parameters, cursor, context
        ^^^^^^^^^^^^^^^^^^^^^^^^^^^^^^^^^^^^^^^^^^^^^^^^^^^^^^^
    )
    ^
  File "D:\Documents\Proyectos\uni\bakery\venv\Lib\site-packages\sqlalchemy\engine\base.py", line 2363, in _handle_dbapi_exception
    raise sqlalchemy_exception.with_traceback(exc_info[2]) from e
  File "D:\Documents\Proyectos\uni\bakery\venv\Lib\site-packages\sqlalchemy\engine\base.py", line 1967, in _exec_single_context
    self.dialect.do_execute(
    ~~~~~~~~~~~~~~~~~~~~~~~^
        cursor, str_statement, effective_parameters, context
        ^^^^^^^^^^^^^^^^^^^^^^^^^^^^^^^^^^^^^^^^^^^^^^^^^^^^
    )
    ^
  File "D:\Documents\Proyectos\uni\bakery\venv\Lib\site-packages\sqlalchemy\engine\default.py", line 952, in do_execute
    cursor.execute(statement, parameters)
    ~~~~~~~~~~~~~~^^^^^^^^^^^^^^^^^^^^^^^
  File "D:\Documents\Proyectos\uni\bakery\venv\Lib\site-packages\pymysql\cursors.py", line 153, in execute
    result = self._query(query)
  File "D:\Documents\Proyectos\uni\bakery\venv\Lib\site-packages\pymysql\cursors.py", line 322, in _query
    conn.query(q)
    ~~~~~~~~~~^^^
  File "D:\Documents\Proyectos\uni\bakery\venv\Lib\site-packages\pymysql\connections.py", line 563, in query
    self._affected_rows = self._read_query_result(unbuffered=unbuffered)
                          ~~~~~~~~~~~~~~~~~~~~~~~^^^^^^^^^^^^^^^^^^^^^^^
  File "D:\Documents\Proyectos\uni\bakery\venv\Lib\site-packages\pymysql\connections.py", line 825, in _read_query_result
    result.read()
    ~~~~~~~~~~~^^
  File "D:\Documents\Proyectos\uni\bakery\venv\Lib\site-packages\pymysql\connections.py", line 1199, in read
    first_packet = self.connection._read_packet()
  File "D:\Documents\Proyectos\uni\bakery\venv\Lib\site-packages\pymysql\connections.py", line 775, in _read_packet
    packet.raise_for_error()
    ~~~~~~~~~~~~~~~~~~~~~~^^
  File "D:\Documents\Proyectos\uni\bakery\venv\Lib\site-packages\pymysql\protocol.py", line 219, in raise_for_error
    err.raise_mysql_exception(self._data)
    ~~~~~~~~~~~~~~~~~~~~~~~~~^^^^^^^^^^^^
  File "D:\Documents\Proyectos\uni\bakery\venv\Lib\site-packages\pymysql\err.py", line 150, in raise_mysql_exception
    raise errorclass(errno, errval)
sqlalchemy.exc.OperationalError: (pymysql.err.OperationalError) (1054, "Unknown column 'solicitud_produccion.id_pedido' in 'field list'")
[SQL: SELECT solicitud_produccion.id_solicitud AS solicitud_produccion_id_solicitud, solicitud_produccion.id_producto AS solicitud_produccion_id_producto, solicitud_produccion.id_pedido AS solicitud_produccion_id_pedido, solicitud_produccion.cantidad AS solicitud_produccion_cantidad, solicitud_produccion.estado AS solicitud_produccion_estado, solicitud_produccion.fecha_solicitud AS solicitud_produccion_fecha_solicitud, solicitud_produccion.id_usuario_solicita AS solicitud_produccion_id_usuario_solicita, solicitud_produccion.id_usuario_resuelve AS solicitud_produccion_id_usuario_resuelve, solicitud_produccion.fecha_resolucion AS solicitud_produccion_fecha_resolucion, solicitud_produccion.observaciones AS solicitud_produccion_observaciones, solicitud_produccion.observaciones_resolucion AS solicitud_produccion_observaciones_resolucion, solicitud_produccion.fecha_creacion AS solicitud_produccion_fecha_creacion 
FROM solicitud_produccion ORDER BY solicitud_produccion.id_solicitud DESC]
(Background on this error at: https://sqlalche.me/e/20/e3q8)
2026-04-13 12:44:49,382 ERROR Excepción no controlada en ruta /sales/solicitudes
Traceback (most recent call last):
  File "D:\Documents\Proyectos\uni\bakery\venv\Lib\site-packages\sqlalchemy\engine\base.py", line 1967, in _exec_single_context
    self.dialect.do_execute(
    ~~~~~~~~~~~~~~~~~~~~~~~^
        cursor, str_statement, effective_parameters, context
        ^^^^^^^^^^^^^^^^^^^^^^^^^^^^^^^^^^^^^^^^^^^^^^^^^^^^
    )
    ^
  File "D:\Documents\Proyectos\uni\bakery\venv\Lib\site-packages\sqlalchemy\engine\default.py", line 952, in do_execute
    cursor.execute(statement, parameters)
    ~~~~~~~~~~~~~~^^^^^^^^^^^^^^^^^^^^^^^
  File "D:\Documents\Proyectos\uni\bakery\venv\Lib\site-packages\pymysql\cursors.py", line 153, in execute
    result = self._query(query)
  File "D:\Documents\Proyectos\uni\bakery\venv\Lib\site-packages\pymysql\cursors.py", line 322, in _query
    conn.query(q)
    ~~~~~~~~~~^^^
  File "D:\Documents\Proyectos\uni\bakery\venv\Lib\site-packages\pymysql\connections.py", line 563, in query
    self._affected_rows = self._read_query_result(unbuffered=unbuffered)
                          ~~~~~~~~~~~~~~~~~~~~~~~^^^^^^^^^^^^^^^^^^^^^^^
  File "D:\Documents\Proyectos\uni\bakery\venv\Lib\site-packages\pymysql\connections.py", line 825, in _read_query_result
    result.read()
    ~~~~~~~~~~~^^
  File "D:\Documents\Proyectos\uni\bakery\venv\Lib\site-packages\pymysql\connections.py", line 1199, in read
    first_packet = self.connection._read_packet()
  File "D:\Documents\Proyectos\uni\bakery\venv\Lib\site-packages\pymysql\connections.py", line 775, in _read_packet
    packet.raise_for_error()
    ~~~~~~~~~~~~~~~~~~~~~~^^
  File "D:\Documents\Proyectos\uni\bakery\venv\Lib\site-packages\pymysql\protocol.py", line 219, in raise_for_error
    err.raise_mysql_exception(self._data)
    ~~~~~~~~~~~~~~~~~~~~~~~~~^^^^^^^^^^^^
  File "D:\Documents\Proyectos\uni\bakery\venv\Lib\site-packages\pymysql\err.py", line 150, in raise_mysql_exception
    raise errorclass(errno, errval)
pymysql.err.OperationalError: (1054, "Unknown column 'solicitud_produccion.id_pedido' in 'field list'")

The above exception was the direct cause of the following exception:

Traceback (most recent call last):
  File "D:\Documents\Proyectos\uni\bakery\venv\Lib\site-packages\flask\app.py", line 917, in full_dispatch_request
    rv = self.dispatch_request()
  File "D:\Documents\Proyectos\uni\bakery\venv\Lib\site-packages\flask\app.py", line 902, in dispatch_request
    return self.ensure_sync(self.view_functions[rule.endpoint])(**view_args)  # type: ignore[no-any-return]
           ~~~~~~~~~~~~~~~~~~~~~~~~~~~~~~~~~~~~~~~~~~~~~~~~~~~~^^^^^^^^^^^^^
  File "D:\Documents\Proyectos\uni\bakery\venv\Lib\site-packages\flask_login\utils.py", line 290, in decorated_view
    return current_app.ensure_sync(func)(*args, **kwargs)
           ~~~~~~~~~~~~~~~~~~~~~~~~~~~~~^^^^^^^^^^^^^^^^^
  File "D:\Documents\Proyectos\uni\bakery\app\common\security.py", line 57, in wrapped
    return func(*args, **kwargs)
  File "D:\Documents\Proyectos\uni\bakery\app\sales\routes.py", line 1089, in solicitudes
    ).all()
      ~~~^^
  File "D:\Documents\Proyectos\uni\bakery\venv\Lib\site-packages\sqlalchemy\orm\query.py", line 2711, in all
    return self._iter().all()  # type: ignore
           ~~~~~~~~~~^^
  File "D:\Documents\Proyectos\uni\bakery\venv\Lib\site-packages\sqlalchemy\orm\query.py", line 2864, in _iter
    result: Union[ScalarResult[_T], Result[_T]] = self.session.execute(
                                                  ~~~~~~~~~~~~~~~~~~~~^
        statement,
        ^^^^^^^^^^
        params,
        ^^^^^^^
        execution_options={"_sa_orm_load_options": self.load_options},
        ^^^^^^^^^^^^^^^^^^^^^^^^^^^^^^^^^^^^^^^^^^^^^^^^^^^^^^^^^^^^^^
    )
    ^
  File "D:\Documents\Proyectos\uni\bakery\venv\Lib\site-packages\sqlalchemy\orm\session.py", line 2351, in execute
    return self._execute_internal(
           ~~~~~~~~~~~~~~~~~~~~~~^
        statement,
        ^^^^^^^^^^
    ...<4 lines>...
        _add_event=_add_event,
        ^^^^^^^^^^^^^^^^^^^^^^
    )
    ^
  File "D:\Documents\Proyectos\uni\bakery\venv\Lib\site-packages\sqlalchemy\orm\session.py", line 2249, in _execute_internal
    result: Result[Any] = compile_state_cls.orm_execute_statement(
                          ~~~~~~~~~~~~~~~~~~~~~~~~~~~~~~~~~~~~~~~^
        self,
        ^^^^^
    ...<4 lines>...
        conn,
        ^^^^^
    )
    ^
  File "D:\Documents\Proyectos\uni\bakery\venv\Lib\site-packages\sqlalchemy\orm\context.py", line 306, in orm_execute_statement
    result = conn.execute(
        statement, params or {}, execution_options=execution_options
    )
  File "D:\Documents\Proyectos\uni\bakery\venv\Lib\site-packages\sqlalchemy\engine\base.py", line 1419, in execute
    return meth(
        self,
        distilled_parameters,
        execution_options or NO_OPTIONS,
    )
  File "D:\Documents\Proyectos\uni\bakery\venv\Lib\site-packages\sqlalchemy\sql\elements.py", line 527, in _execute_on_connection
    return connection._execute_clauseelement(
           ~~~~~~~~~~~~~~~~~~~~~~~~~~~~~~~~~^
        self, distilled_params, execution_options
        ^^^^^^^^^^^^^^^^^^^^^^^^^^^^^^^^^^^^^^^^^
    )
    ^
  File "D:\Documents\Proyectos\uni\bakery\venv\Lib\site-packages\sqlalchemy\engine\base.py", line 1641, in _execute_clauseelement
    ret = self._execute_context(
        dialect,
    ...<8 lines>...
        cache_hit=cache_hit,
    )
  File "D:\Documents\Proyectos\uni\bakery\venv\Lib\site-packages\sqlalchemy\engine\base.py", line 1846, in _execute_context
    return self._exec_single_context(
           ~~~~~~~~~~~~~~~~~~~~~~~~~^
        dialect, context, statement, parameters
        ^^^^^^^^^^^^^^^^^^^^^^^^^^^^^^^^^^^^^^^
    )
    ^
  File "D:\Documents\Proyectos\uni\bakery\venv\Lib\site-packages\sqlalchemy\engine\base.py", line 1986, in _exec_single_context
    self._handle_dbapi_exception(
    ~~~~~~~~~~~~~~~~~~~~~~~~~~~~^
        e, str_statement, effective_parameters, cursor, context
        ^^^^^^^^^^^^^^^^^^^^^^^^^^^^^^^^^^^^^^^^^^^^^^^^^^^^^^^
    )
    ^
  File "D:\Documents\Proyectos\uni\bakery\venv\Lib\site-packages\sqlalchemy\engine\base.py", line 2363, in _handle_dbapi_exception
    raise sqlalchemy_exception.with_traceback(exc_info[2]) from e
  File "D:\Documents\Proyectos\uni\bakery\venv\Lib\site-packages\sqlalchemy\engine\base.py", line 1967, in _exec_single_context
    self.dialect.do_execute(
    ~~~~~~~~~~~~~~~~~~~~~~~^
        cursor, str_statement, effective_parameters, context
        ^^^^^^^^^^^^^^^^^^^^^^^^^^^^^^^^^^^^^^^^^^^^^^^^^^^^
    )
    ^
  File "D:\Documents\Proyectos\uni\bakery\venv\Lib\site-packages\sqlalchemy\engine\default.py", line 952, in do_execute
    cursor.execute(statement, parameters)
    ~~~~~~~~~~~~~~^^^^^^^^^^^^^^^^^^^^^^^
  File "D:\Documents\Proyectos\uni\bakery\venv\Lib\site-packages\pymysql\cursors.py", line 153, in execute
    result = self._query(query)
  File "D:\Documents\Proyectos\uni\bakery\venv\Lib\site-packages\pymysql\cursors.py", line 322, in _query
    conn.query(q)
    ~~~~~~~~~~^^^
  File "D:\Documents\Proyectos\uni\bakery\venv\Lib\site-packages\pymysql\connections.py", line 563, in query
    self._affected_rows = self._read_query_result(unbuffered=unbuffered)
                          ~~~~~~~~~~~~~~~~~~~~~~~^^^^^^^^^^^^^^^^^^^^^^^
  File "D:\Documents\Proyectos\uni\bakery\venv\Lib\site-packages\pymysql\connections.py", line 825, in _read_query_result
    result.read()
    ~~~~~~~~~~~^^
  File "D:\Documents\Proyectos\uni\bakery\venv\Lib\site-packages\pymysql\connections.py", line 1199, in read
    first_packet = self.connection._read_packet()
  File "D:\Documents\Proyectos\uni\bakery\venv\Lib\site-packages\pymysql\connections.py", line 775, in _read_packet
    packet.raise_for_error()
    ~~~~~~~~~~~~~~~~~~~~~~^^
  File "D:\Documents\Proyectos\uni\bakery\venv\Lib\site-packages\pymysql\protocol.py", line 219, in raise_for_error
    err.raise_mysql_exception(self._data)
    ~~~~~~~~~~~~~~~~~~~~~~~~~^^^^^^^^^^^^
  File "D:\Documents\Proyectos\uni\bakery\venv\Lib\site-packages\pymysql\err.py", line 150, in raise_mysql_exception
    raise errorclass(errno, errval)
sqlalchemy.exc.OperationalError: (pymysql.err.OperationalError) (1054, "Unknown column 'solicitud_produccion.id_pedido' in 'field list'")
[SQL: SELECT solicitud_produccion.id_solicitud AS solicitud_produccion_id_solicitud, solicitud_produccion.id_producto AS solicitud_produccion_id_producto, solicitud_produccion.id_pedido AS solicitud_produccion_id_pedido, solicitud_produccion.cantidad AS solicitud_produccion_cantidad, solicitud_produccion.estado AS solicitud_produccion_estado, solicitud_produccion.fecha_solicitud AS solicitud_produccion_fecha_solicitud, solicitud_produccion.id_usuario_solicita AS solicitud_produccion_id_usuario_solicita, solicitud_produccion.id_usuario_resuelve AS solicitud_produccion_id_usuario_resuelve, solicitud_produccion.fecha_resolucion AS solicitud_produccion_fecha_resolucion, solicitud_produccion.observaciones AS solicitud_produccion_observaciones, solicitud_produccion.observaciones_resolucion AS solicitud_produccion_observaciones_resolucion, solicitud_produccion.fecha_creacion AS solicitud_produccion_fecha_creacion 
FROM solicitud_produccion ORDER BY solicitud_produccion.id_solicitud DESC]
(Background on this error at: https://sqlalche.me/e/20/e3q8)
